<?xml version="1.0" encoding="UTF-8"?>
<testng-results ignored="0" total="2" passed="2" failed="0" skipped="0">
  <reporter-output>
  </reporter-output>
  <suite started-at="2021-02-10T18:32:49 PST" name="Default suite" finished-at="2021-02-10T18:33:32 PST" duration-ms="43411">
    <groups>
    </groups>
    <test started-at="2021-02-10T18:32:49 PST" name="Default test" finished-at="2021-02-10T18:33:32 PST" duration-ms="43411">
      <class name="test.Suite1">
        <test-method signature="register()[pri:1, instance:test.Suite1@79efed2d]" started-at="2021-02-10T18:32:49 PST" name="register" finished-at="2021-02-10T18:33:09 PST" duration-ms="20192" status="PASS">
          <reporter-output>
          </reporter-output>
        </test-method> <!-- register -->
        <test-method signature="login()[pri:2, instance:test.Suite1@79efed2d]" started-at="2021-02-10T18:33:09 PST" name="login" finished-at="2021-02-10T18:33:32 PST" duration-ms="23120" status="PASS">
          <reporter-output>
          </reporter-output>
        </test-method> <!-- login -->
      </class> <!-- test.Suite1 -->
    </test> <!-- Default test -->
  </suite> <!-- Default suite -->
</testng-results>
